(07/02/2026 00:27:46) Início - Validação da Planilha
(07/02/2026 00:27:46) Sucesso - Validação da Planilha
(07/02/2026 00:27:46) Início - Consulta Brasil API
(07/02/2026 00:27:47) Sucesso - Consulta Brasil API concluída para CNPJ: 69030377000190
(07/02/2026 00:27:47) Início - Consulta Brasil API
(07/02/2026 00:27:48) Sucesso - Consulta Brasil API concluída para CNPJ: 09389786000155
(07/02/2026 00:27:48) Início - Consulta Brasil API
(07/02/2026 00:28:35) Início - Validação da Planilha
(07/02/2026 00:28:35) Sucesso - Validação da Planilha
(07/02/2026 00:28:35) Início - Consulta Brasil API
(07/02/2026 00:28:35) Sucesso - Consulta Brasil API concluída para CNPJ: 69030377000190
(07/02/2026 00:28:35) Início - Consulta Brasil API
(07/02/2026 00:28:36) Sucesso - Consulta Brasil API concluída para CNPJ: 09389786000155
(07/02/2026 00:28:36) Início - Consulta Brasil API
(07/02/2026 00:28:36) Sucesso - Consulta Brasil API concluída para CNPJ: 14104964000194
(07/02/2026 00:28:36) Início - Consulta Brasil API
(07/02/2026 00:28:37) Sucesso - Consulta Brasil API concluída para CNPJ: 13878352000196
(07/02/2026 00:28:37) Início - Consulta Brasil API
(07/02/2026 00:28:37) Sucesso - Consulta Brasil API concluída para CNPJ: 03235566000190
(07/02/2026 00:28:37) Início - Consulta Brasil API
(07/02/2026 00:28:38) Sucesso - Consulta Brasil API concluída para CNPJ: 67428110000120
(07/02/2026 00:28:38) Início - Consulta Brasil API
(07/02/2026 00:28:38) Sucesso - Consulta Brasil API concluída para CNPJ: 05138689000139
(07/02/2026 00:28:38) Início - Consulta Brasil API
(07/02/2026 00:28:39) Sucesso - Consulta Brasil API concluída para CNPJ: 24824981000150
(07/02/2026 00:28:39) Início - Consulta Brasil API
(07/02/2026 00:28:39) Sucesso - Consulta Brasil API concluída para CNPJ: 02828446000134
(07/02/2026 00:28:39) Início - Consulta Brasil API
(07/02/2026 00:28:40) Sucesso - Consulta Brasil API concluída para CNPJ: 72610132000146
(07/02/2026 00:28:40) Início - Consulta Brasil API
(07/02/2026 00:28:52) Início - Validação da Planilha
(07/02/2026 00:28:52) Sucesso - Validação da Planilha
(07/02/2026 00:28:52) Início - Consulta Brasil API
(07/02/2026 00:28:53) Sucesso - Consulta Brasil API concluída para CNPJ: 69030377000190
(07/02/2026 00:28:53) Início - Consulta Brasil API
(07/02/2026 00:28:53) Sucesso - Consulta Brasil API concluída para CNPJ: 09389786000155
(07/02/2026 00:28:53) Início - Consulta Brasil API
(07/02/2026 00:28:53) Sucesso - Consulta Brasil API concluída para CNPJ: 14104964000194
(07/02/2026 00:28:53) Início - Consulta Brasil API
(07/02/2026 00:28:53) Sucesso - Consulta Brasil API concluída para CNPJ: 13878352000196
(07/02/2026 00:28:53) Início - Consulta Brasil API
(07/02/2026 00:28:53) Sucesso - Consulta Brasil API concluída para CNPJ: 03235566000190
(07/02/2026 00:28:53) Início - Consulta Brasil API
(07/02/2026 00:28:53) Sucesso - Consulta Brasil API concluída para CNPJ: 67428110000120
(07/02/2026 00:28:53) Início - Consulta Brasil API
(07/02/2026 00:28:54) Sucesso - Consulta Brasil API concluída para CNPJ: 05138689000139
(07/02/2026 00:28:54) Início - Consulta Brasil API
(07/02/2026 00:28:54) Sucesso - Consulta Brasil API concluída para CNPJ: 24824981000150
(07/02/2026 00:28:54) Início - Consulta Brasil API
(07/02/2026 00:28:54) Sucesso - Consulta Brasil API concluída para CNPJ: 02828446000134
(07/02/2026 00:28:54) Início - Consulta Brasil API
(07/02/2026 00:28:54) Sucesso - Consulta Brasil API concluída para CNPJ: 72610132000146
(07/02/2026 00:28:54) Início - Consulta Brasil API
(07/02/2026 00:28:55) Sucesso - Consulta Brasil API concluída para CNPJ: 86394525000174
(07/02/2026 00:28:55) Início - Consulta Brasil API
(07/02/2026 00:29:26) Início - Validação da Planilha
(07/02/2026 00:29:26) Sucesso - Validação da Planilha
(07/02/2026 00:29:26) Início - Consulta Brasil API
(07/02/2026 00:29:26) Sucesso - Consulta Brasil API concluída para CNPJ: 69030377000190
(07/02/2026 00:29:26) Início - Consulta Brasil API
(07/02/2026 00:29:26) Sucesso - Consulta Brasil API concluída para CNPJ: 09389786000155
(07/02/2026 00:29:26) Início - Consulta Brasil API
(07/02/2026 00:29:26) Sucesso - Consulta Brasil API concluída para CNPJ: 14104964000194
(07/02/2026 00:29:26) Início - Consulta Brasil API
(07/02/2026 00:29:27) Sucesso - Consulta Brasil API concluída para CNPJ: 13878352000196
(07/02/2026 00:29:27) Início - Consulta Brasil API
(07/02/2026 00:29:27) Sucesso - Consulta Brasil API concluída para CNPJ: 03235566000190
(07/02/2026 00:29:27) Início - Consulta Brasil API
(07/02/2026 00:29:27) Sucesso - Consulta Brasil API concluída para CNPJ: 67428110000120
(07/02/2026 00:29:27) Início - Consulta Brasil API
(07/02/2026 00:29:27) Sucesso - Consulta Brasil API concluída para CNPJ: 05138689000139
(07/02/2026 00:29:27) Início - Consulta Brasil API
(07/02/2026 00:29:27) Sucesso - Consulta Brasil API concluída para CNPJ: 24824981000150
(07/02/2026 00:29:27) Início - Consulta Brasil API
(07/02/2026 00:29:27) Sucesso - Consulta Brasil API concluída para CNPJ: 02828446000134
(07/02/2026 00:29:27) Início - Consulta Brasil API
(07/02/2026 00:29:28) Sucesso - Consulta Brasil API concluída para CNPJ: 72610132000146
(07/02/2026 00:29:28) Início - Consulta Brasil API
(07/02/2026 00:29:28) Sucesso - Consulta Brasil API concluída para CNPJ: 86394525000174
(07/02/2026 00:29:28) Início - Consulta Brasil API
(07/02/2026 00:29:28) Sucesso - Consulta Brasil API concluída para CNPJ: 51062437000190
(07/02/2026 00:29:28) Início - Consulta Brasil API
(07/02/2026 00:29:29) Sucesso - Consulta Brasil API concluída para CNPJ: 72610132000146
(07/02/2026 00:29:29) Início - Consulta Brasil API
(07/02/2026 00:29:29) Falha - Consulta Brasil API. Motivo: CNPJ inválido
(07/02/2026 00:29:29) Início - Consulta Brasil API
(07/02/2026 00:29:29) Sucesso - Consulta Brasil API concluída para CNPJ: 38062195000177
(07/02/2026 00:29:29) Início - Consulta Brasil API
(07/02/2026 00:29:30) Falha - Consulta Brasil API. Motivo: CNPJ não encontrado
(07/02/2026 00:29:30) Início - Gerar Planilha Final
(07/02/2026 00:29:30) Sucesso - Gerar Planilha Final
(07/02/2026 00:29:30) Planilha final salva em saida_final.xlsx com 16 registros.
(07/02/2026 00:37:25) Início - Validação da Planilha
(07/02/2026 00:37:25) Sucesso - Validação da Planilha
(07/02/2026 00:37:25) Início - Consulta Brasil API
(07/02/2026 00:37:25) Sucesso - Consulta Brasil API concluída para CNPJ: 69030377000190
(07/02/2026 00:37:25) Início - Consulta Brasil API
(07/02/2026 00:37:25) Sucesso - Consulta Brasil API concluída para CNPJ: 09389786000155
(07/02/2026 00:37:25) Início - Consulta Brasil API
(07/02/2026 00:37:26) Sucesso - Consulta Brasil API concluída para CNPJ: 14104964000194
(07/02/2026 00:37:26) Início - Consulta Brasil API
(07/02/2026 00:37:26) Sucesso - Consulta Brasil API concluída para CNPJ: 13878352000196
(07/02/2026 00:37:26) Início - Consulta Brasil API
(07/02/2026 00:37:26) Sucesso - Consulta Brasil API concluída para CNPJ: 03235566000190
(07/02/2026 00:37:26) Início - Consulta Brasil API
(07/02/2026 00:37:26) Sucesso - Consulta Brasil API concluída para CNPJ: 67428110000120
(07/02/2026 00:37:26) Início - Consulta Brasil API
(07/02/2026 00:37:26) Sucesso - Consulta Brasil API concluída para CNPJ: 05138689000139
(07/02/2026 00:37:26) Início - Consulta Brasil API
(07/02/2026 00:37:26) Sucesso - Consulta Brasil API concluída para CNPJ: 24824981000150
(07/02/2026 00:37:26) Início - Consulta Brasil API
(07/02/2026 00:37:27) Sucesso - Consulta Brasil API concluída para CNPJ: 02828446000134
(07/02/2026 00:37:27) Início - Consulta Brasil API
(07/02/2026 00:37:27) Sucesso - Consulta Brasil API concluída para CNPJ: 72610132000146
(07/02/2026 00:37:27) Início - Consulta Brasil API
(07/02/2026 00:37:27) Sucesso - Consulta Brasil API concluída para CNPJ: 86394525000174
(07/02/2026 00:37:27) Início - Consulta Brasil API
(07/02/2026 00:37:27) Sucesso - Consulta Brasil API concluída para CNPJ: 51062437000190
(07/02/2026 00:37:27) Início - Consulta Brasil API
(07/02/2026 00:37:27) Sucesso - Consulta Brasil API concluída para CNPJ: 72610132000146
(07/02/2026 00:37:27) Início - Consulta Brasil API
(07/02/2026 00:37:27) Falha - Consulta Brasil API. Motivo: CNPJ inválido
(07/02/2026 00:37:27) Início - Consulta Brasil API
(07/02/2026 00:37:27) Sucesso - Consulta Brasil API concluída para CNPJ: 38062195000177
(07/02/2026 00:37:27) Início - Consulta Brasil API
(07/02/2026 00:37:28) Falha - Consulta Brasil API. Motivo: CNPJ não encontrado
(07/02/2026 00:37:28) Início - Gerar Planilha Final
(07/02/2026 00:37:28) Sucesso - Gerar Planilha Final
(07/02/2026 00:37:28) Planilha final salva em saida_final.xlsx com 16 registros.
(07/02/2026 00:38:19) Início - Validação da Planilha
(07/02/2026 00:38:20) Sucesso - Validação da Planilha
(07/02/2026 00:38:20) Início - Consulta Brasil API
(07/02/2026 00:38:20) Sucesso - Consulta Brasil API concluída para CNPJ: 69030377000190
(07/02/2026 00:38:20) Início - Consulta Brasil API
(07/02/2026 00:38:20) Sucesso - Consulta Brasil API concluída para CNPJ: 09389786000155
(07/02/2026 00:38:20) Início - Consulta Brasil API
(07/02/2026 00:38:20) Sucesso - Consulta Brasil API concluída para CNPJ: 14104964000194
(07/02/2026 00:38:20) Início - Consulta Brasil API
(07/02/2026 00:38:20) Sucesso - Consulta Brasil API concluída para CNPJ: 13878352000196
(07/02/2026 00:38:20) Início - Consulta Brasil API
(07/02/2026 00:38:20) Sucesso - Consulta Brasil API concluída para CNPJ: 03235566000190
(07/02/2026 00:38:20) Início - Consulta Brasil API
(07/02/2026 00:38:21) Sucesso - Consulta Brasil API concluída para CNPJ: 67428110000120
(07/02/2026 00:38:21) Início - Consulta Brasil API
(07/02/2026 00:38:21) Sucesso - Consulta Brasil API concluída para CNPJ: 05138689000139
(07/02/2026 00:38:21) Início - Consulta Brasil API
(07/02/2026 00:38:21) Sucesso - Consulta Brasil API concluída para CNPJ: 24824981000150
(07/02/2026 00:38:21) Início - Consulta Brasil API
(07/02/2026 00:38:21) Sucesso - Consulta Brasil API concluída para CNPJ: 02828446000134
(07/02/2026 00:38:21) Início - Consulta Brasil API
(07/02/2026 00:38:21) Sucesso - Consulta Brasil API concluída para CNPJ: 72610132000146
(07/02/2026 00:38:21) Início - Consulta Brasil API
(07/02/2026 00:38:22) Sucesso - Consulta Brasil API concluída para CNPJ: 86394525000174
(07/02/2026 00:38:22) Início - Consulta Brasil API
(07/02/2026 00:38:22) Sucesso - Consulta Brasil API concluída para CNPJ: 51062437000190
(07/02/2026 00:38:22) Início - Consulta Brasil API
(07/02/2026 00:38:22) Sucesso - Consulta Brasil API concluída para CNPJ: 72610132000146
(07/02/2026 00:38:22) Início - Consulta Brasil API
(07/02/2026 00:38:22) Falha - Consulta Brasil API. Motivo: CNPJ inválido
(07/02/2026 00:38:22) Início - Consulta Brasil API
(07/02/2026 00:38:22) Sucesso - Consulta Brasil API concluída para CNPJ: 38062195000177
(07/02/2026 00:38:22) Início - Consulta Brasil API
(07/02/2026 00:38:22) Falha - Consulta Brasil API. Motivo: CNPJ não encontrado
(07/02/2026 00:38:22) Início - Gerar Planilha Final
(07/02/2026 00:38:22) Sucesso - Gerar Planilha Final
(07/02/2026 00:38:22) Planilha final salva em saida_final.xlsx com 16 registros.
(07/02/2026 00:44:13) Início - Validação da Planilha
(07/02/2026 00:44:13) Sucesso - Validação da Planilha
(07/02/2026 00:44:13) Início - Consulta Brasil API
(07/02/2026 00:44:13) Sucesso - Consulta Brasil API concluída para CNPJ: 69030377000190
(07/02/2026 00:44:13) Início - Consulta Brasil API
(07/02/2026 00:44:13) Sucesso - Consulta Brasil API concluída para CNPJ: 09389786000155
(07/02/2026 00:44:13) Início - Consulta Brasil API
(07/02/2026 00:44:13) Sucesso - Consulta Brasil API concluída para CNPJ: 14104964000194
(07/02/2026 00:44:13) Início - Consulta Brasil API
(07/02/2026 00:44:13) Sucesso - Consulta Brasil API concluída para CNPJ: 13878352000196
(07/02/2026 00:44:13) Início - Consulta Brasil API
(07/02/2026 00:44:14) Sucesso - Consulta Brasil API concluída para CNPJ: 03235566000190
(07/02/2026 00:44:14) Início - Consulta Brasil API
(07/02/2026 00:44:14) Sucesso - Consulta Brasil API concluída para CNPJ: 67428110000120
(07/02/2026 00:44:14) Início - Consulta Brasil API
(07/02/2026 00:44:14) Sucesso - Consulta Brasil API concluída para CNPJ: 05138689000139
(07/02/2026 00:44:14) Início - Consulta Brasil API
(07/02/2026 00:44:14) Sucesso - Consulta Brasil API concluída para CNPJ: 24824981000150
(07/02/2026 00:44:14) Início - Consulta Brasil API
(07/02/2026 00:44:14) Sucesso - Consulta Brasil API concluída para CNPJ: 02828446000134
(07/02/2026 00:44:14) Início - Consulta Brasil API
(07/02/2026 00:44:15) Sucesso - Consulta Brasil API concluída para CNPJ: 72610132000146
(07/02/2026 00:44:15) Início - Consulta Brasil API
(07/02/2026 00:44:15) Sucesso - Consulta Brasil API concluída para CNPJ: 86394525000174
(07/02/2026 00:44:15) Início - Consulta Brasil API
(07/02/2026 00:44:15) Sucesso - Consulta Brasil API concluída para CNPJ: 51062437000190
(07/02/2026 00:44:15) Início - Consulta Brasil API
(07/02/2026 00:44:15) Sucesso - Consulta Brasil API concluída para CNPJ: 72610132000146
(07/02/2026 00:44:15) Início - Consulta Brasil API
(07/02/2026 00:44:15) Falha - Consulta Brasil API. Motivo: CNPJ inválido
(07/02/2026 00:44:15) Início - Consulta Brasil API
(07/02/2026 00:44:15) Sucesso - Consulta Brasil API concluída para CNPJ: 38062195000177
(07/02/2026 00:44:15) Início - Consulta Brasil API
(07/02/2026 00:44:15) Falha - Consulta Brasil API. Motivo: CNPJ não encontrado
(07/02/2026 00:44:15) Início - Gerar Planilha Final
(07/02/2026 00:44:15) Sucesso - Gerar Planilha Final
(07/02/2026 00:44:15) Planilha final salva em saida_final.xlsx com 16 registros.
(07/02/2026 00:48:08) Início - Validação da Planilha
(07/02/2026 00:48:08) Sucesso - Validação da Planilha
(07/02/2026 00:48:08) Início - Consulta Brasil API
(07/02/2026 00:48:08) Sucesso - Consulta Brasil API concluída para CNPJ: 69030377000190
(07/02/2026 00:48:08) Início - Consulta Brasil API
(07/02/2026 00:48:08) Sucesso - Consulta Brasil API concluída para CNPJ: 09389786000155
(07/02/2026 00:48:08) Início - Consulta Brasil API
(07/02/2026 00:48:08) Sucesso - Consulta Brasil API concluída para CNPJ: 14104964000194
(07/02/2026 00:48:08) Início - Consulta Brasil API
(07/02/2026 00:48:08) Sucesso - Consulta Brasil API concluída para CNPJ: 13878352000196
(07/02/2026 00:48:08) Início - Consulta Brasil API
(07/02/2026 00:48:09) Sucesso - Consulta Brasil API concluída para CNPJ: 03235566000190
(07/02/2026 00:48:09) Início - Consulta Brasil API
(07/02/2026 00:48:09) Sucesso - Consulta Brasil API concluída para CNPJ: 67428110000120
(07/02/2026 00:48:09) Início - Consulta Brasil API
(07/02/2026 00:48:09) Sucesso - Consulta Brasil API concluída para CNPJ: 05138689000139
(07/02/2026 00:48:09) Início - Consulta Brasil API
(07/02/2026 00:48:09) Sucesso - Consulta Brasil API concluída para CNPJ: 24824981000150
(07/02/2026 00:48:09) Início - Consulta Brasil API
(07/02/2026 00:48:09) Sucesso - Consulta Brasil API concluída para CNPJ: 02828446000134
(07/02/2026 00:48:09) Início - Consulta Brasil API
(07/02/2026 00:48:09) Sucesso - Consulta Brasil API concluída para CNPJ: 72610132000146
(07/02/2026 00:48:09) Início - Consulta Brasil API
(07/02/2026 00:48:10) Sucesso - Consulta Brasil API concluída para CNPJ: 86394525000174
(07/02/2026 00:48:10) Início - Consulta Brasil API
(07/02/2026 00:48:10) Sucesso - Consulta Brasil API concluída para CNPJ: 51062437000190
(07/02/2026 00:48:10) Início - Consulta Brasil API
(07/02/2026 00:48:10) Sucesso - Consulta Brasil API concluída para CNPJ: 72610132000146
(07/02/2026 00:48:10) Início - Consulta Brasil API
(07/02/2026 00:48:10) Falha - Consulta Brasil API. Motivo: CNPJ inválido
(07/02/2026 00:48:10) Início - Consulta Brasil API
(07/02/2026 00:48:10) Sucesso - Consulta Brasil API concluída para CNPJ: 38062195000177
(07/02/2026 00:48:10) Início - Consulta Brasil API
(07/02/2026 00:48:10) Falha - Consulta Brasil API. Motivo: CNPJ não encontrado
(07/02/2026 00:48:10) Início - Gerar Planilha Final
(07/02/2026 00:48:10) Sucesso - Gerar Planilha Final
(07/02/2026 00:48:10) Planilha final salva em saida_final.xlsx com 16 registros.
(07/02/2026 13:14:51) Início - Validação da Planilha
(07/02/2026 13:14:51) Sucesso - Validação da Planilha
(07/02/2026 13:14:51) Início - Consulta Brasil API
(07/02/2026 13:14:52) Sucesso - Consulta Brasil API concluída para CNPJ: 69030377000190
(07/02/2026 13:14:52) Início - Consulta Brasil API
(07/02/2026 13:14:53) Sucesso - Consulta Brasil API concluída para CNPJ: 09389786000155
(07/02/2026 13:14:53) Início - Consulta Brasil API
(07/02/2026 13:14:53) Sucesso - Consulta Brasil API concluída para CNPJ: 14104964000194
(07/02/2026 13:14:53) Início - Consulta Brasil API
(07/02/2026 13:14:54) Sucesso - Consulta Brasil API concluída para CNPJ: 13878352000196
(07/02/2026 13:14:54) Início - Consulta Brasil API
(07/02/2026 13:15:09) Início - Validação da Planilha
(07/02/2026 13:15:09) Sucesso - Validação da Planilha
(07/02/2026 13:15:09) Início - Consulta Brasil API
(07/02/2026 13:15:09) Sucesso - Consulta Brasil API concluída para CNPJ: 69030377000190
(07/02/2026 13:15:09) Início - Consulta Brasil API
(07/02/2026 13:15:09) Sucesso - Consulta Brasil API concluída para CNPJ: 09389786000155
(07/02/2026 13:15:09) Início - Consulta Brasil API
(07/02/2026 13:15:09) Sucesso - Consulta Brasil API concluída para CNPJ: 14104964000194
(07/02/2026 13:15:09) Início - Consulta Brasil API
(07/02/2026 13:15:09) Sucesso - Consulta Brasil API concluída para CNPJ: 13878352000196
(07/02/2026 13:15:09) Início - Consulta Brasil API
(07/02/2026 13:15:10) Sucesso - Consulta Brasil API concluída para CNPJ: 03235566000190
(07/02/2026 13:15:10) Início - Consulta Brasil API
(07/02/2026 13:15:10) Sucesso - Consulta Brasil API concluída para CNPJ: 67428110000120
(07/02/2026 13:15:10) Início - Consulta Brasil API
(07/02/2026 13:15:11) Sucesso - Consulta Brasil API concluída para CNPJ: 05138689000139
(07/02/2026 13:15:11) Início - Consulta Brasil API
(07/02/2026 13:15:12) Sucesso - Consulta Brasil API concluída para CNPJ: 24824981000150
(07/02/2026 13:15:12) Início - Consulta Brasil API
(07/02/2026 13:15:13) Sucesso - Consulta Brasil API concluída para CNPJ: 02828446000134
(07/02/2026 13:15:13) Início - Consulta Brasil API
(07/02/2026 13:15:13) Sucesso - Consulta Brasil API concluída para CNPJ: 72610132000146
(07/02/2026 13:15:13) Início - Consulta Brasil API
(07/02/2026 13:15:14) Sucesso - Consulta Brasil API concluída para CNPJ: 86394525000174
(07/02/2026 13:15:14) Início - Consulta Brasil API
(07/02/2026 13:15:14) Sucesso - Consulta Brasil API concluída para CNPJ: 51062437000190
(07/02/2026 13:15:14) Início - Consulta Brasil API
(07/02/2026 13:15:15) Sucesso - Consulta Brasil API concluída para CNPJ: 72610132000146
(07/02/2026 13:15:15) Início - Consulta Brasil API
(07/02/2026 13:15:15) Falha - Consulta Brasil API. Motivo: CNPJ inválido
(07/02/2026 13:15:15) Início - Consulta Brasil API
(07/02/2026 13:15:15) Sucesso - Consulta Brasil API concluída para CNPJ: 38062195000177
(07/02/2026 13:15:15) Início - Consulta Brasil API
(07/02/2026 13:15:16) Falha - Consulta Brasil API. Motivo: CNPJ não encontrado
(07/02/2026 13:15:16) Início - Gerar Planilha Final
(07/02/2026 13:15:16) Sucesso - Gerar Planilha Final
(07/02/2026 13:15:16) Planilha final salva em saida_final.xlsx com 16 registros.
(07/02/2026 13:24:04) Início - Validação da Planilha
(07/02/2026 13:24:04) Sucesso - Validação da Planilha
(07/02/2026 13:24:04) Início - Consulta Brasil API
(07/02/2026 13:24:05) Sucesso - Consulta Brasil API concluída para CNPJ: 69030377000190
(07/02/2026 13:24:05) Início - Consulta Brasil API
(07/02/2026 13:24:05) Sucesso - Consulta Brasil API concluída para CNPJ: 09389786000155
(07/02/2026 13:24:05) Início - Consulta Brasil API
(07/02/2026 13:24:05) Sucesso - Consulta Brasil API concluída para CNPJ: 14104964000194
(07/02/2026 13:24:05) Início - Consulta Brasil API
(07/02/2026 13:24:05) Sucesso - Consulta Brasil API concluída para CNPJ: 13878352000196
(07/02/2026 13:24:05) Início - Consulta Brasil API
(07/02/2026 13:24:05) Sucesso - Consulta Brasil API concluída para CNPJ: 03235566000190
(07/02/2026 13:24:05) Início - Consulta Brasil API
(07/02/2026 13:24:05) Sucesso - Consulta Brasil API concluída para CNPJ: 67428110000120
(07/02/2026 13:24:05) Início - Consulta Brasil API
(07/02/2026 13:24:06) Sucesso - Consulta Brasil API concluída para CNPJ: 05138689000139
(07/02/2026 13:24:06) Início - Consulta Brasil API
(07/02/2026 13:24:06) Sucesso - Consulta Brasil API concluída para CNPJ: 24824981000150
(07/02/2026 13:24:06) Início - Consulta Brasil API
(07/02/2026 13:24:06) Sucesso - Consulta Brasil API concluída para CNPJ: 02828446000134
(07/02/2026 13:24:06) Início - Consulta Brasil API
(07/02/2026 13:24:06) Sucesso - Consulta Brasil API concluída para CNPJ: 72610132000146
(07/02/2026 13:24:06) Início - Consulta Brasil API
(07/02/2026 13:24:07) Sucesso - Consulta Brasil API concluída para CNPJ: 86394525000174
(07/02/2026 13:24:07) Início - Consulta Brasil API
(07/02/2026 13:24:07) Sucesso - Consulta Brasil API concluída para CNPJ: 51062437000190
(07/02/2026 13:24:07) Início - Consulta Brasil API
(07/02/2026 13:24:07) Sucesso - Consulta Brasil API concluída para CNPJ: 72610132000146
(07/02/2026 13:24:07) Início - Consulta Brasil API
(07/02/2026 13:24:07) Falha - Consulta Brasil API. Motivo: CNPJ inválido
(07/02/2026 13:24:07) Início - Consulta Brasil API
(07/02/2026 13:24:07) Sucesso - Consulta Brasil API concluída para CNPJ: 38062195000177
(07/02/2026 13:24:07) Início - Consulta Brasil API
(07/02/2026 13:24:07) Falha - Consulta Brasil API. Motivo: CNPJ não encontrado
(07/02/2026 13:24:07) Início - Gerar Planilha Final
(07/02/2026 13:24:07) Sucesso - Gerar Planilha Final
(07/02/2026 13:24:07) Planilha final salva em saida_final.xlsx com 16 registros.
(07/02/2026 13:33:25) Início - Validação da Planilha
(07/02/2026 13:33:25) Sucesso - Validação da Planilha
(07/02/2026 13:33:25) Início - Consulta Brasil API
(07/02/2026 13:33:25) Sucesso - Consulta Brasil API concluída para CNPJ: 69030377000190
(07/02/2026 13:33:25) Início - Consulta Brasil API
(07/02/2026 13:33:25) Sucesso - Consulta Brasil API concluída para CNPJ: 09389786000155
(07/02/2026 13:33:25) Início - Consulta Brasil API
(07/02/2026 13:33:25) Sucesso - Consulta Brasil API concluída para CNPJ: 14104964000194
(07/02/2026 13:33:25) Início - Consulta Brasil API
(07/02/2026 13:33:25) Sucesso - Consulta Brasil API concluída para CNPJ: 13878352000196
(07/02/2026 13:33:25) Início - Consulta Brasil API
(07/02/2026 13:33:26) Sucesso - Consulta Brasil API concluída para CNPJ: 03235566000190
(07/02/2026 13:33:26) Início - Consulta Brasil API
(07/02/2026 13:33:26) Sucesso - Consulta Brasil API concluída para CNPJ: 67428110000120
(07/02/2026 13:33:26) Início - Consulta Brasil API
(07/02/2026 13:33:26) Sucesso - Consulta Brasil API concluída para CNPJ: 05138689000139
(07/02/2026 13:33:26) Início - Consulta Brasil API
(07/02/2026 13:33:26) Sucesso - Consulta Brasil API concluída para CNPJ: 24824981000150
(07/02/2026 13:33:26) Início - Consulta Brasil API
(07/02/2026 13:33:26) Sucesso - Consulta Brasil API concluída para CNPJ: 02828446000134
(07/02/2026 13:33:26) Início - Consulta Brasil API
(07/02/2026 13:33:27) Sucesso - Consulta Brasil API concluída para CNPJ: 72610132000146
(07/02/2026 13:33:27) Início - Consulta Brasil API
(07/02/2026 13:33:27) Sucesso - Consulta Brasil API concluída para CNPJ: 86394525000174
(07/02/2026 13:33:27) Início - Consulta Brasil API
(07/02/2026 13:33:27) Sucesso - Consulta Brasil API concluída para CNPJ: 51062437000190
(07/02/2026 13:33:27) Início - Consulta Brasil API
(07/02/2026 13:33:27) Sucesso - Consulta Brasil API concluída para CNPJ: 72610132000146
(07/02/2026 13:33:27) Início - Consulta Brasil API
(07/02/2026 13:33:27) Falha - Consulta Brasil API. Motivo: CNPJ inválido
(07/02/2026 13:33:27) Início - Consulta Brasil API
(07/02/2026 13:33:27) Sucesso - Consulta Brasil API concluída para CNPJ: 38062195000177
(07/02/2026 13:33:27) Início - Consulta Brasil API
(07/02/2026 13:33:27) Falha - Consulta Brasil API. Motivo: CNPJ não encontrado
(07/02/2026 13:33:27) Início - Gerar Planilha Final
(07/02/2026 13:33:27) Sucesso - Gerar Planilha Final
(07/02/2026 13:33:27) Planilha final salva em saida_final.xlsx com 16 registros.
